<?xml version="1.0" encoding="UTF-8"?>
<testsuite xmlns:xsi="http://www.w3.org/2001/XMLSchema-instance" xsi:noNamespaceSchemaLocation="https://maven.apache.org/surefire/maven-surefire-plugin/xsd/surefire-test-report-3.0.xsd" version="3.0" name="finalproject.GymApp.ExerciseRepositoryTest" time="2.3" tests="3" errors="0" skipped="0" failures="0">
  <properties>
[...]
</properties>
  <testcase name="deleteNewExercise" classname="finalproject.GymApp.ExerciseRepositoryTest" time="0.182">
    <system-out><![CDATA[
  .   ____          _            __ _ _
 /\\ / ___'_ __ _ _(_)_ __  __ _ \ \ \ \
( ( )\___ | '_ | '_| | '_ \/ _` | \ \ \ \
 \\/  ___)| |_)| | | | | || (_| |  ) ) ) )
  '  |____| .__|_| |_|_| |_\__, | / / / /
 =========|_|==============|___/=/_/_/_/
 :: Spring Boot ::                (v3.1.3)

2023-11-28T14:09:29.531+02:00  INFO 11472 --- [           main] f.GymApp.ExerciseRepositoryTest          : Starting ExerciseRepositoryTest using Java 17.0.6 with PID 11472 (started by zhiqing.feng in /Users/zhiqing.feng/Desktop/BackEnd Programming/Final Project/Finalproject1/GymApp)
2023-11-28T14:09:29.532+02:00  INFO 11472 --- [           main] f.GymApp.ExerciseRepositoryTest          : No active profile set, falling back to 1 default profile: "default"
2023-11-28T14:09:30.029+02:00  INFO 11472 --- [           main] .s.d.r.c.RepositoryConfigurationDelegate : Bootstrapping Spring Data JPA repositories in DEFAULT mode.
2023-11-28T14:09:30.058+02:00  INFO 11472 --- [           main] .s.d.r.c.RepositoryConfigurationDelegate : Finished Spring Data repository scanning in 26 ms. Found 3 JPA repository interfaces.
2023-11-28T14:09:30.290+02:00  INFO 11472 --- [           main] o.hibernate.jpa.internal.util.LogHelper  : HHH000204: Processing PersistenceUnitInfo [name: default]
2023-11-28T14:09:30.305+02:00  INFO 11472 --- [           main] o.h.b.i.BytecodeProviderInitiator        : HHH000021: Bytecode provider name : bytebuddy
2023-11-28T14:09:30.306+02:00  INFO 11472 --- [           main] o.s.o.j.p.SpringPersistenceUnitInfo      : No LoadTimeWeaver setup: ignoring JPA class transformer
2023-11-28T14:09:30.307+02:00  INFO 11472 --- [           main] com.zaxxer.hikari.HikariDataSource       : HikariPool-2 - Starting...
2023-11-28T14:09:30.319+02:00  INFO 11472 --- [           main] com.zaxxer.hikari.pool.HikariPool        : HikariPool-2 - Added connection com.mysql.cj.jdbc.ConnectionImpl@6bab65b6
2023-11-28T14:09:30.319+02:00  INFO 11472 --- [           main] com.zaxxer.hikari.HikariDataSource       : HikariPool-2 - Start completed.
2023-11-28T14:09:30.321+02:00  WARN 11472 --- [           main] org.hibernate.dialect.Dialect            : HHH000511: The 5.5.0 version for [org.hibernate.dialect.MySQLDialect] is no longer supported, hence certain features may not work properly. The minimum supported version is 5.7.0. Check the community dialects project for available legacy versions.
2023-11-28T14:09:30.344+02:00  INFO 11472 --- [           main] o.h.b.i.BytecodeProviderInitiator        : HHH000021: Bytecode provider name : bytebuddy
2023-11-28T14:09:30.463+02:00  INFO 11472 --- [           main] o.h.e.t.j.p.i.JtaPlatformInitiator       : HHH000490: Using JtaPlatform implementation: [org.hibernate.engine.transaction.jta.platform.internal.NoJtaPlatform]
Hibernate: alter table exercise drop foreign key FKa3dih6jk1e4kqn5onn23o2da1
Hibernate: drop table if exists category
Hibernate: drop table if exists category_seq
Hibernate: drop table if exists exercise
Hibernate: drop table if exists exercise_seq
Hibernate: drop table if exists user_table
Hibernate: create table category (categoryid bigint not null, name varchar(255), primary key (categoryid)) engine=InnoDB
Hibernate: create table category_seq (next_val bigint) engine=InnoDB
Hibernate: insert into category_seq values ( 1 )
Hibernate: create table exercise (categoryid bigint, id bigint not null, description varchar(1000), date varchar(255), duration varchar(255), name varchar(255), teacher varchar(255), time varchar(255), primary key (id)) engine=InnoDB
Hibernate: create table exercise_seq (next_val bigint) engine=InnoDB
Hibernate: insert into exercise_seq values ( 1 )
Hibernate: create table user_table (id bigint not null auto_increment, email varchar(255) not null, password varchar(255) not null, role varchar(255) not null, username varchar(255) not null, primary key (id)) engine=InnoDB
Hibernate: alter table user_table add constraint UK_en3wad7p8qfu8pcmh62gvef6v unique (username)
Hibernate: alter table exercise add constraint FKa3dih6jk1e4kqn5onn23o2da1 foreign key (categoryid) references category (categoryid)
2023-11-28T14:09:30.655+02:00  INFO 11472 --- [           main] j.LocalContainerEntityManagerFactoryBean : Initialized JPA EntityManagerFactory for persistence unit 'default'
2023-11-28T14:09:30.854+02:00  WARN 11472 --- [           main] JpaBaseConfiguration$JpaWebConfiguration : spring.jpa.open-in-view is enabled by default. Therefore, database queries may be performed during view rendering. Explicitly configure spring.jpa.open-in-view to disable this warning
2023-11-28T14:09:30.947+02:00  INFO 11472 --- [           main] o.s.s.web.DefaultSecurityFilterChain     : Will secure any request with [org.springframework.security.web.session.DisableEncodeUrlFilter@63714a1, org.springframework.security.web.context.request.async.WebAsyncManagerIntegrationFilter@53bf791, org.springframework.security.web.context.SecurityContextHolderFilter@4dcdc172, org.springframework.security.web.header.HeaderWriterFilter@26db7540, org.springframework.security.web.csrf.CsrfFilter@523cc8b4, org.springframework.security.web.authentication.logout.LogoutFilter@25dc8147, org.springframework.security.web.authentication.UsernamePasswordAuthenticationFilter@472073bb, org.springframework.security.web.savedrequest.RequestCacheAwareFilter@7900d917, org.springframework.security.web.servletapi.SecurityContextHolderAwareRequestFilter@7bb50de0, org.springframework.security.web.authentication.AnonymousAuthenticationFilter@1bc6a43c, org.springframework.security.web.access.ExceptionTranslationFilter@139224ab, org.springframework.security.web.access.intercept.AuthorizationFilter@962e03a]
2023-11-28T14:09:31.372+02:00  INFO 11472 --- [           main] f.GymApp.ExerciseRepositoryTest          : Started ExerciseRepositoryTest in 1.91 seconds (process running for 12.007)
Hibernate: select next_val as id_val from category_seq for update
Hibernate: update category_seq set next_val= ? where next_val=?
Hibernate: insert into category (name,categoryid) values (?,?)
Hibernate: select next_val as id_val from category_seq for update
Hibernate: update category_seq set next_val= ? where next_val=?
Hibernate: insert into category (name,categoryid) values (?,?)
Hibernate: insert into category (name,categoryid) values (?,?)
Hibernate: insert into category (name,categoryid) values (?,?)
Hibernate: select c1_0.categoryid,c1_0.name from category c1_0 where c1_0.name=?
Hibernate: select next_val as id_val from exercise_seq for update
Hibernate: update exercise_seq set next_val= ? where next_val=?
Hibernate: insert into exercise (categoryid,date,description,duration,name,teacher,time,id) values (?,?,?,?,?,?,?,?)
Hibernate: select c1_0.categoryid,c1_0.name from category c1_0 where c1_0.name=?
Hibernate: select next_val as id_val from exercise_seq for update
Hibernate: update exercise_seq set next_val= ? where next_val=?
Hibernate: insert into exercise (categoryid,date,description,duration,name,teacher,time,id) values (?,?,?,?,?,?,?,?)
Hibernate: select c1_0.categoryid,c1_0.name from category c1_0 where c1_0.name=?
Hibernate: insert into exercise (categoryid,date,description,duration,name,teacher,time,id) values (?,?,?,?,?,?,?,?)
Hibernate: select c1_0.categoryid,c1_0.name from category c1_0 where c1_0.name=?
Hibernate: insert into exercise (categoryid,date,description,duration,name,teacher,time,id) values (?,?,?,?,?,?,?,?)
Hibernate: select c1_0.categoryid,c1_0.name from category c1_0 where c1_0.name=?
Hibernate: insert into exercise (categoryid,date,description,duration,name,teacher,time,id) values (?,?,?,?,?,?,?,?)
Hibernate: insert into user_table (email,password,role,username) values (?,?,?,?)
Hibernate: insert into user_table (email,password,role,username) values (?,?,?,?)
IN COMMAND LINE RUNNER
Hibernate: select e1_0.id,e1_0.categoryid,e1_0.date,e1_0.description,e1_0.duration,e1_0.name,e1_0.teacher,e1_0.time from exercise e1_0
Hibernate: select c1_0.categoryid,c1_0.name from category c1_0 where c1_0.categoryid=?
Hibernate: select c1_0.categoryid,c1_0.name from category c1_0 where c1_0.categoryid=?
Hibernate: select c1_0.categoryid,c1_0.name from category c1_0 where c1_0.categoryid=?
Hibernate: select c1_0.categoryid,c1_0.name from category c1_0 where c1_0.categoryid=?
Exercise [id=1, name=Yin&Yang Yoga, description=Yoga develops stamina, body coordination, balance, mobility and strength. During the class, you will do basic chants to the rhythm of your breath, according to your own feelings. The level of intensity is determined by the individual and is therefore suitable for everyone., duration=60min, time=19:20 - 20:20, date=Monday, teacher=Ninni]
Exercise [id=2, name=Pilates 45, description=In Pilates you can challenge your core, strengthen the deep muscles of your body and improve posture. Pilates will help you maintain your body and release tension in your body. The easy and effective breathing movements are suitable for fitness enthusiasts of all levels., duration=45min, time=18:00 - 18:45, date=Monday, teacher=Tiina]
Exercise [id=3, name=HITBody, description=HIIT, or High Intensity Interval Training, is a high-intensity interval workout that is effective in burning fat after a workout and quickly increasing aerobic fitness. You adjust the intensity of the workout during the class according to your fitness level., duration=30min, time=18:00 - 18:30, date=Wednesday & Thursday, teacher=Jukka]
Exercise [id=4, name=Indoor Bicycle, description=Indoor cycling is a fun, effective and safe form of endurance training. Suitable for both beginners and more experienced cyclists. At the beginning of the class, you will learn how to adjust your bike., duration=60min, time=18:00 - 19:00, date=Tuesday & Friday, teacher=Eero]
Exercise [id=5, name=JUST DANCE, description=Just Dance is a motion-based dance , with each music including a collection of classic and modern songs each with its own dance choreographies., duration=60min, time=19:00 - 20:00, date=Wednesday & Thursday, teacher=Joanna]
Hibernate: select e1_0.id,e1_0.categoryid,e1_0.date,e1_0.description,e1_0.duration,e1_0.name,e1_0.teacher,e1_0.time from exercise e1_0 where e1_0.name=?
Hibernate: select c1_0.categoryid,c1_0.name from category c1_0 where c1_0.categoryid=?
Hibernate: select e1_0.id,c1_0.categoryid,c1_0.name,e1_0.date,e1_0.description,e1_0.duration,e1_0.name,e1_0.teacher,e1_0.time from exercise e1_0 left join category c1_0 on c1_0.categoryid=e1_0.categoryid where e1_0.id=?
Hibernate: delete from exercise where id=?
Hibernate: select e1_0.id,e1_0.categoryid,e1_0.date,e1_0.description,e1_0.duration,e1_0.name,e1_0.teacher,e1_0.time from exercise e1_0 where e1_0.name=?
]]></system-out>
  </testcase>
  <testcase name="createNewExercise" classname="finalproject.GymApp.ExerciseRepositoryTest" time="0.02">
    <system-out><![CDATA[Hibernate: insert into category (name,categoryid) values (?,?)
Hibernate: insert into exercise (categoryid,date,description,duration,name,teacher,time,id) values (?,?,?,?,?,?,?,?)
]]></system-out>
  </testcase>
  <testcase name="findByNameShouldReturnExercise" classname="finalproject.GymApp.ExerciseRepositoryTest" time="0.015">
    <system-out><![CDATA[Hibernate: select e1_0.id,e1_0.categoryid,e1_0.date,e1_0.description,e1_0.duration,e1_0.name,e1_0.teacher,e1_0.time from exercise e1_0 where e1_0.name=?
Hibernate: select c1_0.categoryid,c1_0.name from category c1_0 where c1_0.categoryid=?
]]></system-out>
  </testcase>
</testsuite>